{
  "RSpec": {
    "coverage": {
      "/Users/thomas.graskemperparchment.com/Git/cookbook-remote_file_s3/spec/unit/recipes/resource_spec.rb": {
        "lines": [
          null,
          null,
          null,
          null,
          null,
          null,
          null,
          null,
          1,
          null,
          1,
          1,
          4,
          null,
          4,
          4,
          null,
          null,
          null,
          null,
          null,
          null,
          null,
          24,
          null,
          4,
          8,
          null,
          null,
          4,
          4,
          null,
          null,
          4,
          4,
          null,
          null,
          4,
          4,
          null,
          null,
          4,
          4,
          null,
          null,
          4,
          4,
          0,
          null,
          null,
          4,
          4,
          null,
          null,
          4,
          4,
          0,
          null,
          null,
          null,
          null
        ]
      }
    },
    "timestamp": 1641404235
  }
}
